<?xml version="1.0" encoding="UTF-8"?>
<!-- Generated by org.testng.reporters.JUnitReportReporter -->
<testsuite skipped="0" hostname="GGOUDA-F9L3H" name="com.cisco.collabNextGen.endtoend.tests.NewDemo" tests="3" failures="0" timestamp="26 Sep 2017 03:20:35 GMT" time="54.068" errors="0">
  <testcase name="test1" time="17.326" classname="com.cisco.collabNextGen.endtoend.tests.NewDemo"/>
  <testcase name="test1" time="25.028" classname="com.cisco.collabNextGen.endtoend.tests.NewDemo"/>
  <testcase name="test1" time="11.714" classname="com.cisco.collabNextGen.endtoend.tests.NewDemo"/>
</testsuite> <!-- com.cisco.collabNextGen.endtoend.tests.NewDemo -->
